<?xml version="1.0" encoding="UTF-8"?>
<testsuite name="AritmeticaTest" tests="1" skipped="0" failures="0" errors="0" timestamp="2021-11-26T16:56:27" hostname="julius-VirtualBox" time="0.011">
  <properties/>
  <testcase name="testSuma" classname="AritmeticaTest" time="0.011"/>
  <system-out><![CDATA[]]></system-out>
  <system-err><![CDATA[]]></system-err>
</testsuite>
